2019-07-11 21:12:13.675 UTC INFO [snaService] Starting, configuration file: .\kvroot\config.xml
2019-07-11 21:12:13.698 UTC INFO [snaService] Setting java.net.InetAddress cache ttl to: networkaddress.cache.ttl=-1 networkaddress.cache.negative.ttl=-1
2019-07-11 21:12:13.704 UTC INFO [snaService] RMI registry serial filter is configured as: sun.rmi.registry.registryFilter=oracle.kv.**;java.lang.Enum
2019-07-11 21:12:13.704 UTC SEVERE [snaService] Configuration declares that security should be present, but it was not found at .\kvroot\security\security.xml
2019-07-11 21:13:31.018 UTC INFO [snaService] Starting, configuration file: .\kvroot\config.xml
2019-07-11 21:13:31.035 UTC INFO [snaService] Setting java.net.InetAddress cache ttl to: networkaddress.cache.ttl=-1 networkaddress.cache.negative.ttl=-1
2019-07-11 21:13:31.040 UTC INFO [snaService] RMI registry serial filter is configured as: sun.rmi.registry.registryFilter=oracle.kv.**;java.lang.Enum
2019-07-11 21:13:31.040 UTC SEVERE [snaService] Configuration declares that security should be present, but it was not found at .\kvroot\security\security.xml
2019-07-11 21:13:52.798 UTC INFO [snaService] Starting, configuration file: .\kvroot\config.xml
2019-07-11 21:13:52.806 UTC INFO [snaService] Setting java.net.InetAddress cache ttl to: networkaddress.cache.ttl=-1 networkaddress.cache.negative.ttl=-1
2019-07-11 21:13:52.811 UTC INFO [snaService] RMI registry serial filter is configured as: sun.rmi.registry.registryFilter=oracle.kv.**;java.lang.Enum
2019-07-11 21:13:52.811 UTC SEVERE [snaService] Configuration declares that security should be present, but it was not found at .\kvroot\security\security.xml
2019-07-11 21:17:44.102 UTC INFO [snaService] Starting, configuration file: .\kvroot\config.xml
2019-07-11 21:17:44.110 UTC INFO [snaService] Setting java.net.InetAddress cache ttl to: networkaddress.cache.ttl=-1 networkaddress.cache.negative.ttl=-1
2019-07-11 21:17:44.115 UTC INFO [snaService] RMI registry serial filter is configured as: sun.rmi.registry.registryFilter=oracle.kv.**;java.lang.Enum
2019-07-11 21:17:44.115 UTC SEVERE [snaService] Configuration declares that security should be present, but it was not found at .\kvroot\security\security.xml
2019-07-11 21:17:50.210 UTC INFO [snaService] Starting, configuration file: .\kvroot\config.xml
2019-07-11 21:17:50.217 UTC INFO [snaService] Setting java.net.InetAddress cache ttl to: networkaddress.cache.ttl=-1 networkaddress.cache.negative.ttl=-1
2019-07-11 21:17:50.223 UTC INFO [snaService] RMI registry serial filter is configured as: sun.rmi.registry.registryFilter=oracle.kv.**;java.lang.Enum
2019-07-11 21:17:50.224 UTC SEVERE [snaService] Configuration declares that security should be present, but it was not found at .\kvroot\security\security.xml
2019-07-11 21:31:00.036 UTC INFO [snaService] Starting, configuration file: .\kvroot\config.xml
2019-07-11 21:31:00.044 UTC INFO [snaService] Setting java.net.InetAddress cache ttl to: networkaddress.cache.ttl=-1 networkaddress.cache.negative.ttl=-1
2019-07-11 21:31:00.049 UTC INFO [snaService] RMI registry serial filter is configured as: sun.rmi.registry.registryFilter=oracle.kv.**;java.lang.Enum
2019-07-11 21:31:00.050 UTC SEVERE [snaService] Configuration declares that security should be present, but it was not found at .\kvroot\security\security.xml
2019-07-11 21:38:15.994 UTC INFO [snaService] Starting, configuration file: .\kvroot\config.xml
2019-07-11 21:38:16.001 UTC INFO [snaService] Setting java.net.InetAddress cache ttl to: networkaddress.cache.ttl=-1 networkaddress.cache.negative.ttl=-1
2019-07-11 21:38:16.006 UTC INFO [snaService] RMI registry serial filter is configured as: sun.rmi.registry.registryFilter=oracle.kv.**;java.lang.Enum
2019-07-11 21:38:16.007 UTC INFO [snaService] Loading security configuration: .\kvroot\security\security.xml
2019-07-11 21:38:16.014 UTC SEVERE [snaService] Error while parsing line 1 of .\kvroot\security\security.xml: Premature end of file.
2019-07-11 21:38:45.255 UTC INFO [snaService] Starting, configuration file: .\kvroot\config.xml
2019-07-11 21:38:45.262 UTC INFO [snaService] Setting java.net.InetAddress cache ttl to: networkaddress.cache.ttl=-1 networkaddress.cache.negative.ttl=-1
2019-07-11 21:38:45.267 UTC INFO [snaService] RMI registry serial filter is configured as: sun.rmi.registry.registryFilter=oracle.kv.**;java.lang.Enum
2019-07-11 21:38:45.267 UTC INFO [snaService] Loading security configuration: .\kvroot\security\security.xml
2019-07-11 21:38:45.274 UTC SEVERE [snaService] Error while parsing line 1 of .\kvroot\security\security.xml: Premature end of file.
2019-07-11 21:38:54.829 UTC INFO [snaService] Starting, configuration file: .\kvroot\config.xml
2019-07-11 21:38:54.836 UTC INFO [snaService] Setting java.net.InetAddress cache ttl to: networkaddress.cache.ttl=-1 networkaddress.cache.negative.ttl=-1
2019-07-11 21:38:54.841 UTC INFO [snaService] RMI registry serial filter is configured as: sun.rmi.registry.registryFilter=oracle.kv.**;java.lang.Enum
2019-07-11 21:38:54.842 UTC INFO [snaService] Loading security configuration: .\kvroot\security\security.xml
2019-07-11 21:38:54.848 UTC SEVERE [snaService] Error while parsing line 1 of .\kvroot\security\security.xml: Premature end of file.
2019-07-11 21:40:25.838 UTC INFO [snaService] Starting, configuration file: .\kvroot\config.xml
2019-07-11 21:40:25.845 UTC INFO [snaService] Setting java.net.InetAddress cache ttl to: networkaddress.cache.ttl=-1 networkaddress.cache.negative.ttl=-1
2019-07-11 21:40:25.850 UTC INFO [snaService] RMI registry serial filter is configured as: sun.rmi.registry.registryFilter=oracle.kv.**;java.lang.Enum
2019-07-11 21:40:25.851 UTC SEVERE [snaService] Configuration declares that security should be present, but it was not found at .\kvroot\security\security.xml
